2018-01-10 15:31 - ** Début de la transaction bancaire **
2018-01-10 15:31 - 	Erreur lors de la transaction
2018-01-10 15:31 - ** Fin de la transaction bancaire **
2018-01-10 15:37 - ** Début de la transaction bancaire **
2018-01-10 15:37 - 	Le virement du compte n°717694 au compte n°717417 d'un montant de 15.0 € a été réalisé avec succès.
2018-01-10 15:37 - ** Fin de la transaction bancaire **
2018-01-10 15:39 - ** Début de la transaction bancaire **
2018-01-10 15:39 - 	Le virement du compte n°711045 au compte n°716562 d'un montant de 15.0 € a été réalisé avec succès.
2018-01-10 15:39 - ** Fin de la transaction bancaire **
2018-01-10 15:41 - ** Début de la transaction bancaire **
2018-01-10 15:41 - 	Le virement du compte n°711045 au compte n°718303 d'un montant de 15.0 € a été réalisé avec succès.
2018-01-10 15:41 - ** Fin de la transaction bancaire **
2018-01-10 15:44 - ** Début de la transaction bancaire **
2018-01-10 15:44 - 	Le virement du compte n°717694 au compte n°714302 d'un montant de 80.0 € a été réalisé avec succès.
2018-01-10 15:44 - ** Fin de la transaction bancaire **
2018-01-10 15:53 - ** Début de la transaction bancaire **
2018-01-10 15:53 - 	Le virement du compte n°718167 au compte n°717417 d'un montant de 15.0 € a été réalisé avec succès.
2018-01-10 15:53 - ** Fin de la transaction bancaire **
2018-01-10 15:57 - ** Début de la transaction bancaire **
2018-01-10 15:57 - 	Le virement du compte n°718167 au compte n°717417 d'un montant de 12.0 € a été réalisé avec succès.
2018-01-10 15:57 - ** Fin de la transaction bancaire **
2018-01-10 16:01 - ** Début de la transaction bancaire **
2018-01-10 16:01 - 	Le solde du compte émetteur est insuffisant pour le virement du compte n°711045 au compte n°718456 d'un montant de 15890.0 €.
2018-01-10 16:01 - ** Fin de la transaction bancaire **
2018-01-10 16:02 - ** Début de la transaction bancaire **
2018-01-10 16:02 - 	Le virement du compte n°711987 au compte n°718456 d'un montant de 150.0 € a été réalisé avec succès.
2018-01-10 16:02 - ** Fin de la transaction bancaire **
2018-01-10 16:05 - ** Début de la transaction bancaire **
2018-01-10 16:05 - 	Le virement du compte n°718167 au compte n°716562 d'un montant de 120.0 € a été réalisé avec succès.
2018-01-10 16:05 - ** Fin de la transaction bancaire **
2018-01-10 16:14 - ** Début de la transaction bancaire **
2018-01-10 16:14 - 	Le virement du compte n°718167 au compte n°717417 d'un montant de 120.0 € a été réalisé avec succès.
2018-01-10 16:14 - ** Fin de la transaction bancaire **
2018-01-10 16:18 - ** Début de la transaction bancaire **
2018-01-10 16:18 - 	Le virement du compte n°717694 au compte n°714302 d'un montant de 150.0 € a été réalisé avec succès.
2018-01-10 16:18 - ** Fin de la transaction bancaire **
2018-01-10 16:19 - ** Début de la transaction bancaire **
2018-01-10 16:19 - 	Le virement du compte n°714878 au compte n°718303 d'un montant de 150.0 € a été réalisé avec succès.
2018-01-10 16:19 - ** Fin de la transaction bancaire **
2018-01-10 16:19 - ** Début de la transaction bancaire **
2018-01-10 16:19 - 	Le virement du compte n°717694 au compte n°717417 d'un montant de 10.0 € a été réalisé avec succès.
2018-01-10 16:19 - ** Fin de la transaction bancaire **
2018-01-10 16:20 - ** Début de la transaction bancaire **
2018-01-10 16:20 - 	Le virement du compte n°717694 au compte n°718456 d'un montant de 120.0 € a été réalisé avec succès.
2018-01-10 16:20 - ** Fin de la transaction bancaire **
2018-01-10 16:20 - ** Début de la transaction bancaire **
2018-01-10 16:20 - 	Le virement du compte n°711045 au compte n°711010 d'un montant de 15.0 € a été réalisé avec succès.
2018-01-10 16:20 - ** Fin de la transaction bancaire **
2018-01-10 16:22 - ** Début de la transaction bancaire **
2018-01-10 16:22 - 	Le virement du compte n°718167 au compte n°716562 d'un montant de 120.0 € a été réalisé avec succès.
2018-01-10 16:22 - ** Fin de la transaction bancaire **
2018-01-10 16:29 - ** Début de la transaction bancaire **
2018-01-10 16:29 - 	Le virement du compte n°718167 au compte n°716562 d'un montant de 121.0 € a été réalisé avec succès.
2018-01-10 16:29 - ** Fin de la transaction bancaire **
2018-01-10 16:33 - ** Début de la transaction bancaire **
2018-01-10 16:33 - 	Le virement du compte n°719485 au compte n°716562 d'un montant de 121.0 € a été réalisé avec succès.
2018-01-10 16:33 - ** Fin de la transaction bancaire **
2018-01-10 16:33 - ** Début de la transaction bancaire **
2018-01-10 16:33 - 	Le solde du compte émetteur est insuffisant pour le virement du compte n°711045 au compte n°718303 d'un montant de 58560.0 €.
2018-01-10 16:33 - ** Fin de la transaction bancaire **
2018-01-10 16:39 - ** Début de la transaction bancaire **
2018-01-10 16:39 - 	Le virement du compte n°718167 au compte n°717417 d'un montant de 12.0 € a été réalisé avec succès.
2018-01-10 16:39 - ** Fin de la transaction bancaire **
2018-01-10 16:41 - ** Début de la transaction bancaire **
2018-01-10 16:41 - 	Le virement du compte n°718167 au compte n°714302 d'un montant de 150.0 € a été réalisé avec succès.
2018-01-10 16:41 - ** Fin de la transaction bancaire **
2018-01-10 16:42 - ** Début de la transaction bancaire **
2018-01-10 16:42 - 	Le virement du compte n°711045 au compte n°718303 d'un montant de 12.0 € a été réalisé avec succès.
2018-01-10 16:42 - ** Fin de la transaction bancaire **
2018-01-10 16:43 - ** Début de la transaction bancaire **
2018-01-10 16:43 - 	Le virement du compte n°711045 au compte n°717417 d'un montant de 150.0 € a été réalisé avec succès.
2018-01-10 16:43 - ** Fin de la transaction bancaire **
2018-01-10 16:43 - ** Début de la transaction bancaire **
2018-01-10 16:43 - 	Le virement du compte n°717694 au compte n°716562 d'un montant de 15.0 € a été réalisé avec succès.
2018-01-10 16:43 - ** Fin de la transaction bancaire **
2018-01-10 16:46 - ** Début de la transaction bancaire **
2018-01-10 16:46 - 	Le virement du compte n°711045 au compte n°718303 d'un montant de 10.0 € a été réalisé avec succès.
2018-01-10 16:46 - ** Fin de la transaction bancaire **
2018-01-10 16:46 - ** Début de la transaction bancaire **
2018-01-10 16:46 - 	Le virement du compte n°717694 au compte n°718456 d'un montant de 10.0 € a été réalisé avec succès.
2018-01-10 16:46 - ** Fin de la transaction bancaire **
2018-01-10 16:46 - ** Début de la transaction bancaire **
2018-01-10 16:46 - 	Le virement du compte n°717694 au compte n°718456 d'un montant de 150.0 € a été réalisé avec succès.
2018-01-10 16:46 - ** Fin de la transaction bancaire **
2018-01-10 16:49 - ** Début de la transaction bancaire **
2018-01-10 16:49 - 	Le virement du compte n°711987 au compte n°716562 d'un montant de 120.0 € a été réalisé avec succès.
2018-01-10 16:49 - ** Fin de la transaction bancaire **
2018-01-10 17:01 - ** Début de la transaction bancaire **
2018-01-10 17:01 - 	Le virement du compte n°714878 au compte n°716562 d'un montant de 120.0 € a été réalisé avec succès.
2018-01-10 17:01 - ** Fin de la transaction bancaire **
2018-01-10 17:07 - ** Début de la transaction bancaire **
2018-01-10 17:07 - 	Le virement du compte n°711987 au compte n°717417 d'un montant de 150.0 € a été réalisé avec succès.
2018-01-10 17:07 - ** Fin de la transaction bancaire **
2018-01-10 17:07 - ** Début de la transaction bancaire **
2018-01-10 17:07 - 	Le virement du compte n°711987 au compte n°714878 d'un montant de 150.0 € a été réalisé avec succès.
2018-01-10 17:07 - ** Fin de la transaction bancaire **
2018-01-10 17:24 - ** Début de la transaction bancaire **
2018-01-10 17:24 - 	Le virement du compte n°718167 au compte n°716562 d'un montant de 150.0 € a été réalisé avec succès.
2018-01-10 17:24 - ** Fin de la transaction bancaire **
2018-01-10 17:24 - ** Début de la transaction bancaire **
2018-01-10 17:24 - 	Le virement du compte n°718167 au compte n°716562 d'un montant de 150.0 € a été réalisé avec succès.
2018-01-10 17:24 - ** Fin de la transaction bancaire **
2018-01-10 17:24 - ** Début de la transaction bancaire **
2018-01-10 17:24 - 	Le virement du compte n°718167 au compte n°716562 d'un montant de 150.0 € a été réalisé avec succès.
2018-01-10 17:24 - ** Fin de la transaction bancaire **
2018-01-10 17:26 - ** Début de la transaction bancaire **
2018-01-10 17:26 - 	Le virement du compte n°711045 au compte n°718303 d'un montant de 120.0 € a été réalisé avec succès.
2018-01-10 17:26 - ** Fin de la transaction bancaire **
